./bin/config.sh -ea CE_DPB -iv 1.0.0-b9 -alias "QA STB Work" -aif "bin//home/test/PIPEAR4HKMA/deploys/HKMAoracleSystemaliasinfo.properties"
================================================================================
enter config.sh
JAVA_HOME NOT SET IN OCELOT.PROPERTIES
JAVA_HOME NOT SET IN SYSTEM
JAVA FIND IN PATH
JAVA VERSION IS OK
java version "1.8.0_91"
Java(TM) SE Runtime Environment (build 1.8.0_91-b14)
Java HotSpot(TM) 64-Bit Server VM (build 25.91-b14, mixed mode)
java installed
HikariPool-0 - is starting.
HikariPool-1 - is starting.
version: 1.16.2.2-b123
Alias [QA STB Work] does not exist for the product configuration [CE_DPB].
./bin/config.sh -ea CE_DPB -iv 1.0.0-b9 -alias "QA STB System" -aif "bin//home/test/PIPEAR4HKMA/deploys/HKMAoracleSystemaliasinfo.properties"
================================================================================
enter config.sh
JAVA_HOME NOT SET IN OCELOT.PROPERTIES
JAVA_HOME NOT SET IN SYSTEM
JAVA FIND IN PATH
JAVA VERSION IS OK
java version "1.8.0_91"
Java(TM) SE Runtime Environment (build 1.8.0_91-b14)
Java HotSpot(TM) 64-Bit Server VM (build 25.91-b14, mixed mode)
java installed
HikariPool-0 - is starting.
HikariPool-1 - is starting.
version: 1.16.2.2-b123
Alias [QA STB System] does not exist for the product configuration [CE_DPB].
./bin/config.sh -ea CE_DPB -iv 1.0.0-b9 -alias "STB System HKMA" -aif "bin//home/test/PIPEAR4HKMA/deploys/HKMAoracleSystemaliasinfo.properties"
================================================================================
enter config.sh
JAVA_HOME NOT SET IN OCELOT.PROPERTIES
JAVA_HOME NOT SET IN SYSTEM
JAVA FIND IN PATH
JAVA VERSION IS OK
java version "1.8.0_91"
Java(TM) SE Runtime Environment (build 1.8.0_91-b14)
Java HotSpot(TM) 64-Bit Server VM (build 25.91-b14, mixed mode)
java installed
HikariPool-0 - is starting.
HikariPool-1 - is starting.
version: 1.16.2.2-b123
Alias [STB System HKMA] does not exist for the product configuration [CE_DPB].
